<?xml version="1.0" encoding="UTF-8"?>
<!-- Generated by org.testng.reporters.JUnitReportReporter -->
<testsuite hostname="DESKTOP-6KM5HT4" failures="0" tests="1" name="testCases.TC_001_AccountRegistrationTest" time="4.484" errors="0" timestamp="2023-02-15T23:26:44 GMT" skipped="0">
  <testcase classname="testCases.TC_001_AccountRegistrationTest" name="test_account_Registration" time="4.484"/>
  <system-out/>
</testsuite> <!-- testCases.TC_001_AccountRegistrationTest -->
