<?xml version="1.0" encoding="UTF-8"?>
<!-- Generated by org.testng.reporters.JUnitReportReporter -->
<testsuite hostname="DESKTOP-6KM5HT4" failures="0" tests="1" name="testCases.TC_001_AccountRegistrationTest" time="5.085" errors="0" timestamp="2023-02-14T23:01:40 GMT" skipped="0">
  <testcase classname="testCases.TC_001_AccountRegistrationTest" name="test_account_Registration" time="5.085"/>
  <system-out/>
</testsuite> <!-- testCases.TC_001_AccountRegistrationTest -->
